<testsuite tests='1' results='1' failures='0' disabled='0' errors='0' time='1.671' name='behavior.BaseSearch'>
  <testcase classname='behavior.BaseSearch' name='Exercise bikes' time='0.128' />
</testsuite>